163:/Users/atticus/.luarocks/share/lua/5.4/busted/block.lua
0 0 0 0 0 0 0 0 0 0 0 0 0 0 0 48 48 0 48 4387 0 4387 4435 0 48 339 339 6102 5763 4048 0 339 387 0 0 205 205 205 205 48 0 48 402 0 402 268 268 0 0 0 0 402 129 0 402 402 273 0 0 129 129 0 0 0 0 129 0 129 0 129 48 0 48 536 0 536 268 268 0 0 0 0 536 0 536 698 162 0 0 0 536 536 48 0 48 665 665 0 665 708 43 0 0 0 665 0 665 268 0 0 0 665 48 0 48 134 48 0 48 134 129 129 0 182 0 48 134 48 0 48 134 48 0 48 91 0 91 91 91 0 0 0 0 91 0 91 86 0 86 0 0 0 0 86 86 0 0 86 86 0 139 0 48 
65:/Users/atticus/.luarocks/share/lua/5.4/busted/compatibility.lua
0 0 339 339 339 0 0 640 640 640 0 339 0 0 0 48 48 48 0 0 48 48 48 0 48 48 48 0 0 48 0 0 0 0 0 0 45 0 45 45 0 45 0 0 0 0 0 0 0 0 0 0 0 0 0 0 0 0 0 0 0 0 0 0 45 
130:/Users/atticus/.luarocks/share/lua/5.4/busted/context.lua
0 0 0 48 1920 1872 48 48 48 48 48 48 0 0 0 48 2222 2174 48 1920 0 1872 0 0 48 4273 4225 48 48 0 0 0 0 0 0 0 0 0 0 0 0 0 0 0 205 205 410 205 205 0 205 410 0 0 0 0 0 0 0 205 0 205 0 0 430 430 48 382 205 177 0 0 430 430 0 0 430 430 0 0 430 48 0 430 0 0 7264 0 0 0 0 0 0 0 0 0 0 0 0 0 0 0 0 0 342 342 342 342 0 0 182 0 0 0 16357 0 0 0 1201 1201 1201 1201 1201 0 0 1201 1201 1201 1201 1201 
317:/Users/atticus/.luarocks/share/lua/5.4/busted/core.lua
0 0 0 0 0 0 0 0 0 0 54 0 0 0 0 0 0 0 0 0 0 0 0 0 0 0 46 46 27 19 0 0 19 0 0 0 73 0 0 0 48 0 0 0 0 0 0 0 0 0 0 0 0 0 0 0 0 0 0 0 0 0 0 0 0 0 0 0 0 340 340 0 340 340 428 367 88 88 0 0 340 340 0 340 340 0 0 0 46 46 46 46 0 46 46 0 0 0 0 0 46 0 0 0 982 0 0 0 1737 0 0 0 0 0 0 0 386 0 468 468 53 53 53 53 53 53 0 0 415 333 333 333 333 333 0 0 82 0 0 0 0 0 0 27 27 27 27 27 27 0 0 0 0 0 0 0 0 0 0 0 0 0 0 0 0 0 48 0 48 0 48 0 0 1201 1201 1201 0 2402 46 46 46 2448 0 1201 46 0 0 0 46 0 0 0 0 0 0 0 0 0 0 0 46 0 1201 0 1201 1201 0 0 0 546 546 546 273 273 273 273 273 273 0 1092 546 1092 546 0 0 0 0 0 0 0 0 0 0 0 0 0 0 0 0 0 0 0 0 0 0 0 0 0 0 0 0 0 0 0 0 0 0 0 342 117 117 225 0 0 0 342 0 342 342 294 0 0 0 342 684 0 342 342 0 0 0 0 0 0 342 342 342 342 342 342 342 342 342 342 342 342 0 0 342 0 342 251 0 91 0 342 0 0 0 134 476 342 342 450 342 134 134 
31:/Users/atticus/.luarocks/share/lua/5.4/busted/environment.lua
0 0 0 0 0 0 0 19406 0 17755 13104 17755 0 0 0 0 0 0 0 0 6302 0 0 0 0 0 0 0 0 0 48 
72:/Users/atticus/.luarocks/share/lua/5.4/busted/execute.lua
48 48 48 0 0 0 0 0 0 0 0 0 48 0 0 48 0 0 48 48 0 0 0 0 0 0 0 0 0 0 0 0 0 0 0 0 0 0 48 0 96 48 0 0 0 0 0 48 0 48 0 0 0 0 48 48 48 48 0 48 48 0 48 0 48 0 0 0 96 0 48 48 
129:/Users/atticus/.luarocks/share/lua/5.4/busted/init.lua
0 0 0 0 48 48 48 0 48 48 0 0 43 43 43 0 43 43 0 0 134 134 0 134 0 0 0 0 134 0 134 134 134 0 134 0 134 134 134 134 134 0 0 0 0 0 0 134 0 0 134 134 0 0 0 0 0 0 0 0 0 0 0 0 0 0 0 0 0 0 0 0 0 0 0 0 0 0 0 0 0 0 0 0 0 0 0 0 0 0 0 0 0 0 0 0 0 0 0 0 0 0 0 0 0 0 0 0 0 0 0 0 0 0 0 0 0 0 0 0 0 0 0 0 0 0 0 0 1179 
50:/Users/atticus/.luarocks/share/lua/5.4/busted/languages/en.lua
53 0 53 0 0 53 53 53 53 0 53 53 53 53 0 53 53 53 53 0 53 53 53 53 0 53 0 53 53 0 0 53 53 53 53 53 53 53 53 53 0 53 53 53 53 53 53 0 53 53 
4:/Users/atticus/.luarocks/share/lua/5.4/busted/luajit.lua
53 0 53 106 
23:/Users/atticus/.luarocks/share/lua/5.4/busted/modules/files/lua.lua
48 0 48 0 0 340 340 340 48 0 0 48 48 0 0 48 48 0 0 48 48 0 48 
107:/Users/atticus/.luarocks/share/lua/5.4/busted/modules/files/moonscript.lua
48 0 96 48 48 0 48 0 0 0 0 0 0 0 0 0 0 48 0 0 0 0 0 0 0 0 0 0 0 0 48 0 0 0 0 0 48 0 0 0 0 0 0 0 0 0 0 0 0 0 0 0 0 0 0 0 0 0 0 0 0 0 0 0 0 0 48 0 48 0 0 0 0 0 0 0 0 0 0 0 48 0 0 0 0 0 0 0 0 0 0 0 48 0 0 0 48 0 0 0 0 0 0 0 48 0 48 
156:/Users/atticus/.luarocks/share/lua/5.4/busted/modules/filter_loader.lua
0 0 0 134 134 0 268 268 134 134 0 0 134 48 0 0 0 0 48 0 0 177 0 0 0 177 177 48 0 0 134 134 0 0 0 134 134 48 0 0 177 0 0 0 177 177 48 0 48 48 0 0 0 0 0 0 0 0 0 0 0 0 48 0 0 177 0 0 0 177 177 48 0 0 134 0 0 0 134 134 48 0 0 0 0 0 0 0 0 0 0 0 48 0 0 0 48 0 48 0 0 0 0 0 0 48 0 0 0 48 0 0 480 864 624 240 0 528 0 0 0 0 0 0 0 0 48 0 48 0 0 0 0 0 0 0 0 0 0 0 0 0 0 48 48 48 48 0 0 48 48 48 48 48 48 48 
32:/Users/atticus/.luarocks/share/lua/5.4/busted/modules/helper_loader.lua
0 0 0 0 0 0 53 106 53 0 53 53 0 53 53 0 0 0 0 0 0 48 0 0 101 0 53 0 53 5 0 48 
34:/Users/atticus/.luarocks/share/lua/5.4/busted/modules/output_handler_loader.lua
0 0 0 0 0 0 53 0 53 106 53 0 53 0 0 53 0 106 0 53 0 0 0 53 0 0 0 0 53 0 0 0 53 53 
101:/Users/atticus/.luarocks/share/lua/5.4/busted/modules/test_file_loader.lua
48 0 0 48 48 48 48 0 144 96 96 48 0 0 48 0 48 0 48 48 48 0 96 576 576 0 0 0 576 1104 576 48 0 528 528 96 0 96 48 0 0 48 0 96 0 0 0 0 0 48 48 48 0 0 48 96 48 48 48 48 0 0 0 48 48 48 0 0 48 0 0 48 0 96 48 0 48 96 48 48 48 48 0 0 48 0 48 0 48 0 0 0 0 0 0 0 48 48 0 48 48 
181:/Users/atticus/.luarocks/share/lua/5.4/busted/outputHandlers/base.lua
53 53 0 0 53 53 53 53 53 53 53 53 53 53 53 0 0 0 402 53 0 0 53 53 0 53 0 0 0 53 53 53 53 53 53 53 53 53 53 106 0 0 139 139 0 278 273 0 139 139 0 0 139 53 0 0 0 139 1525 1386 1113 0 139 139 139 0 139 139 139 139 139 139 139 0 139 0 139 53 0 0 48 0 0 0 48 53 0 0 48 48 48 53 0 0 0 0 0 0 0 0 0 0 0 0 0 53 0 0 48 48 48 53 0 0 134 134 53 0 0 134 0 134 93 93 41 0 0 41 0 27 27 14 0 14 0 0 93 0 93 93 93 0 93 0 93 0 0 93 0 93 53 0 0 0 0 0 0 53 0 0 27 27 53 0 0 14 14 14 53 0 0 46 5 5 0 0 46 53 0 53 53 
224:/Users/atticus/.luarocks/share/lua/5.4/busted/outputHandlers/utfTerminal.lua
53 53 53 53 53 53 53 53 53 53 53 53 0 53 0 0 53 53 53 53 0 53 53 53 0 53 53 0 0 0 0 0 53 0 0 0 53 0 0 0 0 53 0 0 0 0 53 53 0 0 0 53 53 53 53 0 0 0 0 0 0 0 0 0 0 0 0 0 0 0 0 0 53 0 0 46 46 46 0 0 0 0 0 0 46 53 0 0 0 46 46 19 0 0 46 0 0 0 0 46 46 46 92 92 0 0 46 46 0 0 46 53 0 0 48 48 48 48 0 48 48 48 48 48 0 48 13 35 3 0 0 48 21 27 27 0 0 48 48 0 0 0 0 48 29 19 19 0 0 48 0 48 48 48 48 48 53 0 0 134 134 0 134 0 134 27 107 14 0 0 134 134 0 0 134 53 0 0 48 48 48 0 48 53 0 0 48 48 0 48 0 0 48 0 75 27 27 48 0 67 19 19 48 0 48 53 0 0 5 5 0 5 53 0 53 53 53 53 53 53 53 0 53 53 
221:/Users/atticus/.luarocks/share/lua/5.4/busted/runner.lua
0 0 0 0 0 0 0 0 0 0 0 0 0 0 0 0 0 0 0 0 0 0 0 0 0 0 0 0 0 0 0 0 0 0 0 0 0 0 0 0 0 0 0 0 0 0 0 0 0 0 0 0 0 0 0 0 0 0 0 53 0 0 0 0 0 0 53 0 0 0 0 53 0 0 0 0 0 53 53 0 0 53 53 0 0 0 53 53 0 53 0 0 0 53 53 53 0 106 0 0 53 0 106 0 0 53 0 106 19 19 19 53 0 106 27 27 0 0 0 27 27 53 0 0 53 53 53 0 0 106 53 53 53 53 53 53 53 0 0 0 53 0 0 53 106 53 53 53 0 53 10 5 5 0 0 0 0 0 0 0 0 0 0 0 0 0 0 48 0 48 0 0 0 0 0 0 0 0 0 96 48 48 48 48 48 48 48 48 48 0 0 48 0 48 48 48 96 48 48 48 48 0 0 0 0 0 0 48 48 96 48 48 48 0 0 48 0 48 40 0 8 
41:/Users/atticus/.luarocks/share/lua/5.4/busted/status.lua
0 1469 1469 1469 1469 1469 1469 1469 1469 0 1469 0 0 0 1335 1335 2177 1335 1335 1335 0 0 0 1335 0 0 0 1335 0 0 0 134 134 134 0 1469 0 0 2670 1335 1603 
35:/Users/atticus/.luarocks/share/lua/5.4/busted/utils.lua
0 0 0 106 106 530 424 424 0 0 106 0 0 0 0 0 0 0 0 0 0 0 0 0 0 0 53 53 53 53 53 265 212 53 53 
32:/Users/atticus/.luarocks/share/lua/5.4/cliargs.lua
0 0 53 53 0 53 0 53 53 53 0 0 53 0 53 53 0 0 0 53 4558 4505 742 0 53 0 53 106 0 53 0 53 
556:/Users/atticus/.luarocks/share/lua/5.4/cliargs/core.lua
0 0 0 0 0 0 0 0 0 0 0 0 0 0 0 0 0 106 106 0 0 0 0 0 0 0 0 0 0 0 0 0 0 53 53 53 0 53 53 0 106 0 0 0 0 0 0 106 0 0 0 106 106 0 106 0 0 0 0 106 0 0 0 106 0 0 0 0 106 106 106 106 106 106 106 106 106 106 0 0 106 159 0 0 0 0 0 0 0 0 0 0 0 0 0 0 0 0 0 0 0 0 0 0 0 0 0 0 0 0 0 0 0 0 0 0 53 0 0 0 0 0 0 0 0 53 53 0 53 53 0 0 53 0 0 0 53 0 0 0 0 0 0 0 0 0 0 0 0 0 53 0 53 0 53 0 0 0 0 0 0 0 0 0 0 0 0 0 53 0 0 0 0 0 0 0 0 0 0 0 0 0 0 0 0 0 53 0 0 0 0 0 0 0 0 0 53 0 0 0 0 0 0 0 0 0 0 0 0 0 0 0 0 0 0 0 53 0 0 0 0 0 0 0 0 0 0 0 53 0 0 0 0 0 0 0 0 0 0 0 0 0 0 0 0 0 0 0 0 0 0 0 0 0 0 0 0 0 0 0 0 0 0 0 0 53 0 0 0 0 0 0 0 0 0 0 0 0 0 0 0 0 0 0 0 0 53 0 0 0 0 0 0 0 0 0 0 0 0 0 0 0 0 0 0 0 0 0 0 0 0 0 0 0 0 0 0 0 0 0 0 0 0 0 0 0 0 0 0 0 0 0 0 0 0 0 53 0 0 0 0 0 0 0 0 0 0 0 0 0 0 0 0 0 0 0 0 0 0 0 0 0 0 0 0 0 0 0 0 0 0 0 0 0 0 53 0 0 0 0 0 0 0 0 0 0 0 0 0 0 0 0 0 0 0 0 0 0 0 0 0 0 0 0 0 0 0 0 0 53 0 0 0 0 0 0 0 0 0 0 0 0 0 0 0 0 0 0 0 0 0 53 0 0 0 0 0 0 0 0 0 0 0 0 0 0 0 0 0 0 0 0 0 0 0 0 0 0 0 0 0 0 0 0 0 0 0 0 0 0 53 106 0 0 0 0 212 0 106 0 106 0 106 0 0 0 106 0 106 53 0 0 0 0 0 0 0 0 0 0 0 0 0 0 0 0 53 0 0 0 0 0 0 0 0 53 0 0 0 0 0 0 0 0 0 0 0 0 0 0 0 53 53 53 0 0 0 0 0 53 0 53 0 53 0 53 0 0 0 0 0 53 0 53 0 53 
315:/Users/atticus/.luarocks/share/lua/5.4/cliargs/parser.lua
0 0 0 0 0 0 0 0 0 0 0 0 0 0 0 0 0 0 0 0 0 0 0 0 0 0 0 53 0 53 0 0 0 0 0 0 0 0 0 0 0 0 0 0 0 0 0 0 0 0 0 0 0 0 0 0 0 0 0 0 0 0 0 53 0 53 0 0 0 0 265 212 0 0 53 0 53 0 0 0 0 53 0 0 53 0 0 0 0 53 53 53 53 0 0 0 0 53 0 53 0 53 0 0 0 0 0 0 0 0 0 0 0 0 0 0 0 0 0 0 0 0 0 0 0 0 0 0 0 0 0 0 0 0 0 0 0 0 0 0 0 0 0 0 0 0 0 0 0 0 0 0 0 0 0 0 0 0 0 0 0 0 0 0 0 0 0 0 0 0 0 0 0 0 0 0 0 0 0 0 0 0 0 0 0 0 0 0 0 0 0 0 0 0 0 0 0 0 0 0 0 0 0 0 0 0 0 0 0 0 0 0 53 0 0 0 53 53 0 53 53 0 0 53 0 0 0 0 0 0 0 0 0 0 0 0 0 0 53 0 0 0 53 0 106 106 0 106 0 0 0 106 0 106 106 0 0 0 53 0 0 106 106 159 0 159 106 106 0 106 106 0 0 106 0 106 0 106 0 106 0 0 0 0 106 53 0 53 0 0 0 0 106 53 53 0 0 53 0 0 106 106 106 106 106 53 0 0 53 0 53 53 53 53 53 
261:/Users/atticus/.luarocks/share/lua/5.4/cliargs/printer.lua
0 0 0 0 0 0 0 53 0 53 0 53 0 0 0 0 0 0 0 0 0 0 0 0 0 0 0 0 0 0 0 0 0 0 0 0 0 0 0 0 53 0 0 53 0 0 0 0 0 0 0 0 0 0 0 0 0 0 0 0 0 0 0 0 0 0 0 0 0 0 0 0 0 0 0 0 0 0 0 0 53 0 53 0 0 0 0 0 0 0 0 0 0 0 0 0 0 0 0 0 0 0 0 0 0 0 0 0 0 0 0 0 0 0 0 0 0 0 0 0 0 0 0 0 0 0 0 0 0 0 0 0 0 0 0 0 0 0 0 0 0 0 0 0 0 0 0 0 0 0 0 0 0 0 0 0 0 0 0 0 0 0 0 53 0 53 0 0 0 0 0 0 0 0 0 0 0 0 0 0 0 0 0 0 0 0 0 0 0 0 0 0 0 0 0 0 0 0 0 0 0 0 0 0 0 0 0 0 0 0 0 0 0 0 0 0 0 0 0 0 0 0 0 0 0 0 0 0 0 0 0 0 0 0 0 0 0 0 0 0 0 0 0 0 0 0 0 0 0 53 0 53 0 0 0 0 0 0 53 0 53 
66:/Users/atticus/.luarocks/share/lua/5.4/cliargs/utils/disect.lua
0 0 0 0 0 0 0 0 0 0 0 0 0 0 0 0 0 0 0 0 0 0 0 0 0 106 0 0 0 0 0 0 106 106 0 0 0 0 0 0 0 106 106 0 0 0 0 106 106 0 0 0 106 0 0 106 0 0 106 106 0 106 0 0 0 106 
10:/Users/atticus/.luarocks/share/lua/5.4/cliargs/utils/filter.lua
0 212 0 636 424 0 0 212 0 212 
22:/Users/atticus/.luarocks/share/lua/5.4/cliargs/utils/lookup.lua
0 0 0 106 0 212 159 53 0 0 0 53 0 0 0 53 0 0 106 106 0 106 
21:/Users/atticus/.luarocks/share/lua/5.4/cliargs/utils/split.lua
0 106 106 106 106 0 212 106 106 0 0 106 106 0 0 106 0 0 0 0 106 
175:/Users/atticus/.luarocks/share/lua/5.4/luassert/assert.lua
0 0 0 0 0 0 0 0 0 0 0 27 0 27 0 0 27 27 0 0 27 0 0 0 0 0 301 0 301 0 897 596 301 0 301 885 590 295 0 295 0 295 295 0 295 27 27 0 0 27 27 0 0 268 0 0 268 0 6 6 0 12 6 6 0 6 0 0 6 0 0 0 1180 613 567 0 567 0 0 0 0 302 0 0 0 0 0 0 0 0 0 0 0 0 0 0 0 0 0 0 0 0 0 0 0 0 0 0 0 0 0 0 0 0 0 0 0 0 0 31 31 86 55 49 49 49 49 0 0 31 0 0 0 53 53 0 0 0 0 0 0 17 17 0 0 0 0 0 0 0 0 0 0 0 0 0 0 0 0 0 0 0 0 0 0 0 257 0 0 0 257 0 0 0 302 
273:/Users/atticus/.luarocks/share/lua/5.4/luassert/assertions.lua
0 0 0 0 0 0 0 0 0 0 0 0 0 0 0 0 0 0 289 0 0 289 0 0 0 0 0 0 0 0 0 0 0 0 0 0 0 0 0 0 0 0 0 0 0 0 0 0 0 0 0 0 0 0 0 0 0 0 0 0 0 0 0 0 0 0 0 0 0 0 0 0 0 0 0 0 0 0 0 0 0 0 0 0 0 0 0 0 0 0 0 0 0 0 0 0 0 0 0 0 0 0 0 0 0 0 0 0 0 0 0 0 0 0 0 0 0 0 0 0 0 0 0 250 250 250 250 105 0 105 105 105 105 105 105 0 145 0 145 145 145 0 0 0 3 3 3 3 0 0 0 0 0 0 0 0 0 0 0 0 0 0 0 0 0 0 0 0 0 0 0 0 0 0 0 0 0 0 0 0 0 0 0 0 0 0 0 0 0 0 0 0 0 0 0 0 0 0 0 0 0 0 0 0 0 0 0 0 0 0 0 0 0 0 0 0 0 0 0 0 0 0 0 0 0 0 0 0 0 0 0 0 0 0 0 0 0 0 0 0 0 0 0 0 0 0 0 0 0 0 0 0 0 0 0 0 0 0 0 0 0 0 0 0 24 24 24 0 0 0 12 12 12 
238:/Users/atticus/.luarocks/share/lua/5.4/luassert/formatters/init.lua
0 0 0 0 0 0 0 0 0 0 0 0 0 0 0 0 0 0 0 0 0 0 0 0 0 0 0 0 0 4 4 0 0 0 0 0 0 0 0 0 0 0 0 0 0 0 0 0 0 0 0 0 0 0 0 0 0 0 0 0 4 0 0 4 0 0 30 26 0 4 0 0 46 16 0 30 0 0 0 0 0 0 0 0 0 0 0 0 0 0 0 0 0 0 0 0 0 0 0 0 0 0 0 0 0 0 0 0 0 0 0 0 0 0 0 0 0 0 0 0 0 0 0 46 46 0 0 0 0 0 0 0 0 0 0 0 0 0 0 0 0 0 0 0 0 0 0 0 0 0 0 0 0 0 0 0 0 0 0 0 0 0 0 0 0 0 0 0 0 0 0 0 0 0 0 0 0 0 0 0 0 0 0 0 0 0 0 0 0 0 0 0 0 46 0 0 0 46 0 0 46 0 0 46 0 0 46 0 0 46 0 0 46 46 0 0 0 0 0 0 0 0 0 0 0 0 0 0 0 0 49 46 0 3 7 4 0 3 
64:/Users/atticus/.luarocks/share/lua/5.4/luassert/match.lua
0 0 0 0 0 0 0 0 0 0 0 0 0 0 0 0 0 0 0 0 0 0 0 0 0 0 0 0 0 0 0 0 0 0 0 0 0 0 0 0 0 0 0 0 0 0 0 0 0 0 0 0 0 0 0 0 0 0 0 0 0 0 0 46 
59:/Users/atticus/.luarocks/share/lua/5.4/luassert/mock.lua
0 0 0 0 0 0 0 0 0 0 0 0 0 0 0 0 0 0 1 0 12 0 1 1 12 11 1 1 12 0 11 0 11 0 0 11 0 12 0 12 12 1 1 0 0 0 0 0 0 0 0 0 0 0 0 0 0 0 1 
5:/Users/atticus/.luarocks/share/lua/5.4/luassert/modifiers.lua
0 0 0 0 295 
154:/Users/atticus/.luarocks/share/lua/5.4/luassert/spy.lua
0 0 0 0 0 0 0 0 0 0 0 0 0 0 0 0 0 0 0 0 0 17 17 0 0 34 17 17 17 0 17 17 0 0 0 0 0 0 0 0 0 17 0 0 0 0 0 17 0 0 3 6 3 0 0 0 17 0 0 3 3 0 0 3 3 0 0 3 17 0 0 0 0 0 0 0 0 0 0 0 17 17 17 17 0 0 0 1 0 0 0 14 14 0 14 14 0 14 0 0 0 0 5 5 0 0 5 0 0 0 0 0 0 0 0 0 0 0 0 0 0 0 0 0 3 3 3 3 3 3 3 3 3 0 0 0 0 0 0 3 3 3 0 0 0 3 3 3 3 3 3 3 3 3 
123:/Users/atticus/.luarocks/share/lua/5.4/luassert/state.lua
0 0 0 0 0 0 0 0 0 0 0 0 0 0 0 0 0 0 0 0 0 0 0 0 0 0 0 0 0 0 0 0 0 0 0 0 0 0 0 0 0 0 0 0 0 0 0 0 0 0 0 0 0 0 0 0 0 0 0 0 0 0 0 0 0 0 0 0 0 0 0 0 0 0 0 0 0 0 0 0 0 0 0 0 0 0 0 49 363 363 363 0 0 0 0 0 0 0 0 0 0 0 53 53 53 0 0 0 0 0 0 0 0 0 0 0 0 0 0 0 0 17 17 
105:/Users/atticus/.luarocks/share/lua/5.4/luassert/stub.lua
0 0 0 0 0 0 0 0 0 0 2 0 0 0 0 2 2 2 2 0 2 2 0 2 2 2 0 0 0 0 0 0 0 2 0 2 2 2 0 0 0 0 0 0 0 0 2 0 0 0 0 0 0 0 2 0 0 0 0 0 0 2 0 2 2 2 2 0 0 0 0 0 0 0 0 0 0 0 0 0 0 0 0 0 0 0 0 0 2 0 2 0 0 0 1 1 1 0 0 0 0 0 0 0 2 
359:/Users/atticus/.luarocks/share/lua/5.4/luassert/util.lua
0 0 0 0 0 0 2 0 0 0 0 0 280 280 0 280 140 140 0 140 0 0 0 140 0 0 0 140 140 140 140 140 0 0 0 140 0 0 0 140 140 0 315 175 175 0 0 0 175 175 0 0 0 0 140 315 0 0 175 140 0 140 140 0 140 0 0 0 3 3 3 10 7 3 3 0 0 0 0 0 0 0 0 0 0 0 0 0 0 0 0 0 0 0 0 0 0 0 0 0 0 0 0 0 0 0 0 0 0 0 0 0 0 0 0 0 0 0 7 4 0 3 3 0 0 0 0 0 0 0 0 0 0 0 0 0 0 0 0 0 0 0 0 0 0 0 0 0 0 0 0 0 0 0 0 0 0 0 0 0 0 0 0 0 0 0 0 0 0 0 0 0 0 0 0 0 3 3 0 0 0 0 0 3 0 0 0 0 0 0 0 0 0 0 0 0 0 0 0 0 0 0 0 0 0 0 0 0 0 0 0 0 0 295 295 295 295 295 295 0 0 0 0 295 295 0 295 0 0 0 0 0 545 250 0 0 295 295 0 0 0 0 0 0 0 0 0 254 254 0 254 0 0 0 0 0 254 0 508 254 0 0 254 254 254 0 0 0 0 0 0 0 0 0 19 0 0 0 0 0 0 0 0 0 27 0 0 0 0 0 0 0 0 332 332 332 332 664 332 332 332 0 332 332 0 0 0 0 0 0 0 0 301 0 0 301 301 301 897 596 596 0 0 596 599 3 3 3 3 0 0 596 596 596 0 596 0 0 0 301 0 0 0 301 0 0 0 0 0 0 301 301 301 0 0 0 0 0 52 
154:/Users/atticus/.luarocks/share/lua/5.4/mediator.lua
0 1737 0 0 0 1737 1737 1737 1737 0 0 0 0 0 1737 0 1737 1737 0 0 0 0 0 1275 1275 1275 1275 1275 1275 0 0 1737 1737 0 1737 0 1737 1154 1154 0 889 0 0 1737 0 1737 1275 0 0 0 0 0 0 0 0 0 0 0 0 1275 0 0 0 0 0 0 0 0 1275 0 0 1275 1275 1275 0 0 0 1275 0 0 5125 1275 0 0 0 0 0 0 0 0 0 0 0 1275 0 0 3745 1873 0 0 1873 0 1873 0 1873 1873 0 0 0 1872 1232 0 640 0 1275 1275 0 0 0 0 0 0 0 0 0 0 0 0 0 0 0 2719 0 7844 5125 0 0 2719 0 0 0 1737 0 0 0 0 0 0 0 0 0 0 0 982 
565:/Users/atticus/.luarocks/share/lua/5.4/pl/List.lua
0 0 0 0 0 0 0 0 0 0 0 0 0 0 0 0 0 0 0 0 48 48 48 48 48 48 48 0 48 48 0 0 48 48 0 48 0 48 0 0 0 0 0 0 0 0 48 0 0 0 48 0 48 0 48 0 48 0 0 0 0 0 0 48 0 0 0 0 0 0 0 0 0 0 0 0 48 0 0 0 0 48 0 0 0 48 0 0 0 0 48 0 0 48 0 48 0 0 0 0 0 48 0 0 0 48 0 0 0 0 0 0 48 0 0 0 48 0 0 0 0 48 0 48 0 0 0 0 0 48 0 0 0 48 0 0 0 0 0 0 0 48 0 0 0 0 48 0 0 0 0 0 0 48 0 0 0 48 0 48 0 0 0 0 0 0 0 0 48 48 0 0 0 0 48 0 48 0 0 0 0 48 0 0 0 0 0 48 0 0 0 0 48 0 0 0 48 0 0 0 0 48 0 48 0 0 0 48 0 0 0 0 0 0 0 48 0 0 0 0 48 0 0 0 0 0 0 0 48 0 0 0 0 0 0 0 0 48 0 48 0 0 0 48 0 0 48 0 48 0 0 0 0 0 0 0 0 0 0 0 48 0 0 0 0 0 0 0 0 0 0 0 0 0 0 0 48 0 0 48 0 48 0 0 0 0 0 0 0 0 48 0 48 0 0 0 0 0 0 0 48 0 0 0 0 0 0 0 0 48 0 0 0 0 0 0 48 0 0 0 0 0 0 48 0 0 0 0 0 48 0 0 0 0 48 0 0 0 0 0 48 0 0 0 0 0 48 0 0 0 0 0 48 0 0 0 48 0 0 0 0 0 0 48 0 0 0 0 0 0 0 48 0 0 0 0 48 0 48 0 0 0 0 48 0 0 0 0 48 0 0 0 0 0 48 0 0 0 0 48 0 0 0 0 0 48 0 0 0 0 0 48 0 48 0 0 0 0 0 0 48 0 0 48 0 0 0 0 0 0 0 0 48 0 48 0 0 0 0 0 0 48 0 0 48 0 0 0 0 0 0 0 0 48 0 48 0 0 0 0 0 0 0 48 0 0 0 0 0 0 0 48 0 0 0 0 0 48 0 48 0 0 0 0 0 0 0 0 0 0 0 48 0 48 0 0 0 0 0 48 0 48 0 0 0 0 0 0 0 0 48 0 0 0 0 0 0 0 0 0 0 48 0 0 48 0 48 0 0 0 0 0 0 0 48 0 0 0 0 0 0 0 0 0 0 0 0 0 0 0 0 0 0 0 0 0 0 0 0 0 0 48 48 0 48 
218:/Users/atticus/.luarocks/share/lua/5.4/pl/class.lua
0 0 0 0 0 0 0 0 0 0 0 0 0 0 0 0 0 0 0 0 0 0 0 0 0 0 0 0 0 0 0 0 0 0 0 0 0 0 0 0 0 0 0 0 0 0 0 0 0 0 0 0 0 0 0 0 0 0 0 0 0 0 0 0 0 0 0 0 0 0 0 0 0 0 0 0 0 0 0 0 0 0 0 0 0 0 0 0 0 0 0 0 0 0 0 0 0 0 0 0 0 0 0 0 0 0 0 0 0 0 0 0 0 0 0 0 0 0 0 0 0 0 0 0 0 0 0 0 0 0 48 0 48 48 0 0 0 48 0 0 48 0 0 0 0 0 0 48 0 0 0 48 48 48 48 48 0 0 48 0 0 0 0 0 0 0 0 0 0 0 0 0 0 0 0 0 0 0 0 0 0 0 48 0 0 0 0 0 0 0 0 48 48 48 48 48 0 48 48 0 0 48 0 0 0 0 0 0 0 0 0 0 0 0 0 0 0 48 
527:/Users/atticus/.luarocks/share/lua/5.4/pl/dir.lua
0 0 0 0 0 0 0 48 48 48 48 48 48 48 48 48 48 48 0 48 48 0 48 0 0 48 48 0 0 48 96 0 0 576 576 48 0 0 0 0 0 0 0 0 0 0 48 0 0 0 48 0 0 0 0 0 0 48 0 0 0 0 0 0 0 0 48 0 0 0 0 0 0 0 0 0 0 0 0 0 0 48 0 0 0 0 0 0 48 0 0 0 0 0 0 0 0 0 0 0 48 0 0 0 0 0 48 0 0 0 48 0 48 0 0 0 0 0 0 0 0 0 0 0 0 0 0 48 0 0 0 0 0 0 0 0 0 0 0 0 0 0 0 0 0 0 0 0 0 0 0 0 0 0 0 0 0 0 0 0 0 0 0 0 0 0 0 0 0 0 0 0 0 0 0 0 0 0 0 0 0 0 0 0 0 48 0 0 0 48 0 0 0 0 0 0 0 0 0 0 0 0 0 0 0 0 0 0 0 0 0 0 0 0 0 0 0 0 0 0 0 0 0 0 0 0 0 0 0 0 0 48 0 0 0 0 0 0 0 48 0 0 0 0 48 0 0 0 0 0 0 48 0 0 0 48 0 0 0 0 0 0 0 0 0 0 0 0 0 0 0 0 48 0 0 0 0 0 0 0 0 0 0 0 0 0 0 0 48 0 0 0 0 0 0 0 0 0 0 0 0 0 0 0 0 0 0 0 0 0 0 0 0 0 0 0 0 0 48 0 0 0 0 0 0 0 48 0 0 0 0 0 0 0 0 0 0 0 0 0 0 0 0 0 0 0 0 0 0 0 0 48 0 0 0 48 48 0 0 48 0 0 48 48 0 0 0 0 0 0 0 0 0 0 0 0 0 0 48 0 0 0 0 0 0 48 0 0 0 0 0 96 0 0 0 0 0 0 0 0 0 0 0 0 0 0 48 0 0 0 0 0 0 0 0 0 0 0 0 0 0 0 0 0 0 0 0 0 0 0 0 0 0 0 0 0 0 0 0 0 0 0 0 0 0 0 0 0 48 0 0 0 0 0 0 0 1152 1152 48 0 0 1104 1104 1104 144 144 0 0 960 672 672 672 672 96 0 672 0 0 0 288 48 0 0 0 0 0 0 48 48 0 48 48 0 0 0 48 0 48 48 0 0 0 0 0 0 0 0 48 48 48 48 0 48 48 720 672 576 576 576 0 0 48 0 48 48 0 48 
451:/Users/atticus/.luarocks/share/lua/5.4/pl/path.lua
0 0 0 0 0 0 0 0 0 0 0 0 0 0 0 0 0 0 0 0 0 0 0 0 0 0 0 0 0 0 0 0 0 0 0 0 0 0 0 0 0 0 0 0 0 0 0 0 0 0 0 0 0 0 0 0 0 0 0 0 0 0 0 0 0 0 0 0 0 0 0 0 0 0 0 0 0 0 0 0 0 0 0 0 0 0 0 0 0 0 0 0 0 0 0 0 0 0 0 0 0 0 0 0 0 0 0 0 0 0 0 0 0 0 0 0 0 0 0 0 0 0 768 768 0 0 0 0 0 48 48 0 0 0 0 0 0 0 0 0 0 0 0 0 0 0 0 0 0 0 0 0 0 0 0 672 672 0 0 0 0 0 0 0 0 0 0 0 0 0 0 0 0 0 0 0 0 0 0 0 0 0 14969 0 0 0 0 0 0 0 0 0 0 0 0 0 0 0 0 0 0 0 0 0 0 0 0 0 0 0 0 0 0 0 0 0 0 0 0 0 0 0 0 0 0 0 0 0 0 0 0 1283 1283 1283 14724 13441 13441 0 1283 0 0 1283 0 0 0 0 0 0 0 0 0 0 0 0 0 0 0 0 0 0 0 0 0 0 0 0 0 0 0 0 0 0 0 0 0 0 0 48 48 48 192 144 0 0 144 144 0 48 0 0 48 0 0 0 0 0 0 0 0 0 0 0 707 707 707 0 0 0 0 0 0 0 0 0 0 576 576 576 0 0 0 0 0 0 0 0 0 0 48 48 48 0 0 0 0 0 0 0 0 0 0 0 0 0 0 0 0 0 0 0 0 0 0 0 0 0 0 0 0 0 0 0 0 0 0 0 0 0 0 0 0 0 0 0 0 0 0 0 0 0 0 0 0 0 0 0 0 0 0 0 0 0 1152 1152 0 0 1152 0 0 0 0 0 0 0 0 0 53 0 53 53 0 0 0 0 0 0 0 0 0 0 0 0 0 0 0 0 0 0 53 0 0 53 0 0 0 0 53 164 111 0 0 0 0 0 111 111 0 53 53 53 53 
889:/Users/atticus/.luarocks/share/lua/5.4/pl/tablex.lua
0 0 0 0 0 0 0 0 0 0 0 0 0 0 0 0 0 0 0 0 0 96 96 0 0 0 0 0 0 0 0 0 0 0 0 0 0 0 96 0 0 96 0 0 96 0 0 96 0 0 0 0 0 0 0 0 0 0 0 0 0 0 0 0 0 0 0 0 0 0 0 0 0 0 0 0 0 0 0 0 0 0 0 0 0 0 0 0 0 96 96 3936 3840 96 96 0 0 0 0 0 0 0 0 0 0 0 0 0 0 0 0 0 0 0 0 0 0 0 0 0 0 0 0 0 0 0 0 0 0 0 0 0 0 0 0 0 0 0 0 0 0 0 0 0 0 0 0 0 0 0 0 0 0 0 0 0 0 0 0 0 0 0 0 0 0 0 0 0 0 0 0 0 0 0 0 0 0 0 0 0 0 0 0 0 0 0 0 0 0 0 0 0 0 0 0 0 0 0 0 0 0 0 0 0 0 0 0 0 0 0 0 0 0 0 0 0 0 0 0 0 0 0 0 0 0 0 0 0 0 0 0 0 0 0 0 0 0 0 0 0 0 0 0 0 0 0 0 0 0 0 0 0 0 0 0 0 0 0 0 0 0 0 0 0 0 0 0 0 0 0 0 0 0 0 0 0 0 0 0 0 0 0 0 0 0 0 0 0 0 0 0 0 0 0 0 0 0 0 0 0 0 0 0 0 0 0 0 0 0 0 0 0 0 0 0 0 0 0 0 0 0 0 0 0 0 0 0 0 0 0 0 0 0 0 0 0 0 0 0 0 0 0 0 0 0 0 0 0 0 0 0 0 0 0 0 0 0 0 0 0 0 0 0 0 0 0 0 0 0 0 0 0 0 0 0 0 0 0 0 0 0 0 0 0 0 0 0 0 0 0 0 0 0 0 0 0 0 0 0 0 0 0 0 0 0 0 0 0 0 0 0 0 0 0 0 0 0 0 0 0 0 0 0 0 0 0 0 0 0 0 0 0 0 0 0 0 0 0 0 0 0 0 0 0 0 0 0 0 0 0 0 0 0 0 0 0 0 0 0 0 0 0 0 0 0 0 0 0 0 0 0 0 0 0 0 0 0 0 0 0 0 0 0 0 0 0 0 0 0 0 0 0 0 0 0 0 0 0 0 0 0 0 0 0 0 0 0 0 0 0 0 0 0 0 0 0 0 0 0 0 0 0 0 0 0 0 0 0 0 0 0 0 0 0 0 0 0 0 0 0 0 0 0 0 0 0 0 0 0 0 0 0 0 0 0 0 0 0 0 0 0 0 0 0 0 0 0 0 0 0 0 0 0 0 0 0 0 0 0 0 0 0 0 0 0 0 0 0 0 0 0 0 0 0 0 0 0 0 0 0 0 0 0 0 0 0 0 0 0 0 0 0 0 0 0 0 0 0 0 0 0 0 0 0 0 0 0 0 0 0 0 0 0 0 0 0 0 0 0 0 0 0 0 0 0 0 0 0 0 0 0 0 0 0 0 0 0 0 0 0 0 0 0 0 0 0 0 0 0 0 0 0 0 0 0 0 0 0 0 0 0 0 0 0 0 0 0 0 0 0 0 0 0 0 0 0 0 0 0 0 0 0 0 0 0 0 0 0 0 0 0 0 0 0 0 0 0 0 0 0 0 0 0 0 96 96 96 720 624 624 96 96 0 0 96 0 0 0 0 0 0 0 0 0 0 0 0 0 0 0 0 0 0 0 0 0 0 0 0 0 0 0 0 0 0 0 0 0 0 0 0 0 0 0 0 0 0 0 0 0 0 0 0 0 0 0 0 0 0 0 0 0 0 0 0 0 0 0 0 0 0 0 0 0 0 0 0 0 0 0 0 0 0 0 0 0 0 0 0 0 0 0 0 0 0 0 0 0 0 0 0 0 0 0 0 0 0 0 0 0 0 0 0 0 0 0 0 0 0 0 0 0 0 0 0 0 0 0 0 0 0 0 0 0 0 0 0 0 0 0 0 0 48 48 48 48 0 0 0 48 48 0 0 48 96 48 0 0 48 
115:/Users/atticus/.luarocks/share/lua/5.4/pl/types.lua
0 0 0 0 0 0 0 0 0 0 0 0 0 0 0 0 0 0 0 0 0 0 0 0 0 0 0 0 0 0 0 0 0 0 0 0 0 0 0 0 0 0 0 0 0 0 0 0 0 0 0 0 0 0 0 0 0 0 0 0 0 0 0 0 0 0 0 0 0 0 0 0 0 0 0 0 0 0 0 0 0 0 0 0 192 0 0 0 0 0 0 0 0 0 0 0 0 0 96 96 0 0 0 0 0 0 0 0 0 0 0 0 0 96 96 
691:/Users/atticus/.luarocks/share/lua/5.4/pl/utils.lua
0 0 0 0 0 0 0 0 0 0 0 0 0 0 0 0 0 0 0 0 0 0 0 0 0 0 0 0 0 0 0 0 0 0 0 0 0 0 0 0 0 0 0 0 0 0 0 0 0 0 0 0 0 0 0 0 0 0 0 0 0 0 0 0 0 0 0 0 0 0 0 0 0 0 0 0 0 0 0 0 0 0 0 0 0 0 0 0 0 0 0 0 0 0 0 0 0 0 0 0 0 0 0 0 0 0 0 0 0 0 0 0 0 0 0 0 0 0 0 0 0 0 0 0 0 0 0 0 0 0 0 0 0 0 0 0 0 0 0 0 0 0 0 0 0 0 0 0 0 0 0 0 0 0 0 0 0 0 0 0 0 0 0 0 0 0 0 0 0 0 0 0 0 0 0 0 0 0 0 0 0 0 0 0 0 0 0 0 0 0 0 0 0 0 0 0 0 0 0 0 0 0 0 0 0 0 0 0 0 0 0 0 0 0 0 0 0 0 0 0 0 0 0 0 0 0 0 0 0 0 0 0 0 0 0 0 0 0 0 0 0 0 0 0 0 0 0 0 0 0 0 0 0 0 0 0 0 0 0 0 0 0 0 0 0 0 0 0 0 0 0 0 0 0 0 0 0 0 0 0 0 0 0 0 0 0 0 0 0 6123 0 0 6123 0 0 6123 0 0 0 0 0 0 0 0 0 0 0 0 0 0 0 0 0 0 0 0 0 0 0 0 0 0 0 0 0 0 0 0 0 0 0 0 0 0 0 0 0 0 0 0 0 0 0 0 0 0 0 0 0 0 0 0 0 0 0 0 0 0 0 0 0 0 0 0 0 0 0 0 0 0 0 0 0 0 0 0 0 0 0 0 0 0 0 0 0 0 0 0 0 0 0 0 0 0 0 0 0 0 0 0 0 0 0 0 0 0 0 0 0 0 0 0 0 0 0 0 0 0 0 0 0 0 0 0 0 0 0 0 0 0 0 0 0 0 96 96 96 0 0 0 0 0 0 0 0 0 0 0 0 0 0 0 0 0 0 0 0 0 0 0 0 0 0 0 0 0 0 0 0 0 0 0 0 0 5931 0 0 0 0 0 0 0 0 0 0 0 0 0 0 0 0 0 0 0 0 0 0 0 0 0 0 0 0 0 0 0 0 0 0 0 0 0 0 0 0 0 0 0 0 0 0 0 0 0 0 0 0 0 0 0 0 0 0 0 0 0 0 0 0 0 0 0 0 0 0 0 0 0 0 0 0 0 0 0 0 0 0 0 0 0 0 0 0 0 0 0 0 0 0 0 0 0 0 0 0 0 0 0 0 0 0 0 0 0 0 0 0 0 0 0 0 0 0 0 0 0 0 0 0 0 0 0 0 0 0 0 0 0 0 0 0 0 0 0 0 0 0 0 0 0 0 0 0 0 0 0 0 0 0 0 0 0 0 0 0 0 0 0 0 0 0 0 0 0 0 0 0 0 0 0 0 0 0 0 0 0 0 0 0 0 0 0 0 0 0 0 0 0 0 0 0 0 0 0 0 0 0 0 0 0 0 0 0 0 0 0 0 0 0 576 576 
52:/Users/atticus/.luarocks/share/lua/5.4/say/init.lua
0 0 0 0 0 0 0 0 0 0 0 0 0 53 53 0 0 53 0 0 0 0 0 0 0 0 0 1007 1007 0 0 0 0 745 0 0 745 745 0 745 0 745 0 0 745 745 0 1555 810 0 0 745 
39:/Users/atticus/.luarocks/share/lua/5.4/term/colors.lua
0 0 0 0 0 0 0 0 0 0 0 0 0 0 0 0 0 0 0 0 0 0 0 0 0 0 0 0 0 0 1310 0 0 0 1310 0 0 0 655 
94:/opt/homebrew/share/lua/5.4/luarocks/core/dir.lua
0 0 0 0 0 0 0 0 0 15920 15920 15920 0 0 15920 0 0 0 0 0 0 0 0 0 0 0 0 3184 3184 0 0 9552 6368 3184 3184 0 0 0 0 0 0 0 0 9552 0 9552 9552 9552 9552 9552 0 9552 0 0 0 0 0 0 0 0 0 9552 9552 9552 9552 9552 0 0 9552 54128 44576 0 0 0 0 0 0 44576 44576 0 9552 9552 0 9552 0 0 9552 0 9552 0 0 9552 0 9552 
83:/opt/homebrew/share/lua/5.4/luarocks/core/manif.lua
0 0 0 0 0 0 0 0 0 0 0 0 0 0 0 0 0 0 0 0 0 0 0 0 0 0 0 0 0 0 0 0 3184 3184 0 0 0 0 0 0 0 0 0 0 0 0 0 0 0 0 0 0 0 0 0 0 0 0 3184 0 3184 3184 3184 0 0 0 0 0 0 0 1592 3184 3184 3184 3184 0 4776 1592 0 0 0 553 553 
154:/opt/homebrew/share/lua/5.4/luarocks/core/path.lua
0 0 0 0 0 0 0 0 0 0 0 0 3184 0 0 3184 0 0 3184 3184 0 0 0 0 0 0 0 0 0 0 0 0 0 0 0 0 0 0 0 0 0 0 0 0 0 0 553 0 553 553 10242 9689 9689 9689 0 553 0 553 870 870 870 553 553 0 553 0 553 0 0 553 0 553 0 0 0 0 0 0 0 0 0 0 0 0 0 0 0 0 0 0 0 0 0 0 0 0 0 0 0 0 0 0 0 0 0 0 0 0 0 0 0 0 0 0 0 0 0 0 0 6368 0 0 6368 6368 0 0 0 0 0 0 0 0 0 0 0 1592 1592 1592 0 0 1592 1592 0 0 4776 3184 1592 0 3184 3184 0 1592 0 1592 
255:/opt/homebrew/share/lua/5.4/luarocks/loader.lua
0 0 0 0 0 0 0 0 0 0 0 0 0 0 0 0 0 0 0 0 0 0 0 0 0 0 0 0 0 0 0 0 0 0 0 0 0 0 0 0 0 0 0 0 0 0 0 0 0 0 0 0 0 0 0 0 0 0 0 0 0 0 0 0 553 0 0 0 0 0 0 553 553 0 0 0 553 0 0 0 0 0 0 0 0 0 0 0 0 0 0 0 0 0 0 0 0 0 0 0 0 1659 1659 1106 1106 553 0 0 0 0 0 0 0 553 553 553 553 0 0 553 553 553 0 0 0 0 0 0 0 0 0 0 0 0 0 0 0 0 0 0 0 0 0 0 1039 1039 0 0 0 1039 1039 2011 1525 1525 553 553 553 0 0 972 972 972 0 0 0 0 0 0 486 0 486 0 0 0 0 486 0 0 0 0 0 0 0 0 0 0 2078 553 0 0 553 1039 0 0 0 0 0 0 0 0 0 0 0 0 0 0 0 0 0 0 0 0 0 0 0 0 0 0 0 0 0 0 0 0 0 0 0 0 0 0 0 0 0 0 0 0 0 0 0 0 0 0 0 0 0 0 0 0 0 1039 1039 486 0 553 553 
173:spec/ant_spec.lua
48 45 47 46 43 43 43 8 35 8 34 1 9 43 43 43 43 43 43 43 43 42 35 9 37 8 35 9 43 43 43 43 42 34 2 17 71 14 70 135 127 135 133 133 161 10 70 5 65 9 71 42 37 43 14 38 8 41 34 35 34 34 65 5 81 36 38 32 35 31 31 9 31 0 31 31 62 0 62 31 31 31 31 31 31 0 31 0 30 69 37 26 19 13 22 23 17 33 14 21 45 12 12 12 2 10 2 10 22 14 12 2 10 12 17 2 0 16 8 10 10 10 10 10 10 6 4 6 0 6 6 9 5 4 14 20 2 2 2 0 2 0 2 4 0 2 4 1 1 1 1 1 0 1 0 1 2 0 2 1 1 1 1 1 1 0 1 0 1 2 0 0 3 
22:spec/setup.lua
48 0 48 0 0 48 48 48 0 48 48 0 50 48 48 48 0 48 0 48 0 48 
21:src//constants.lua
44 0 44 44 0 0 88 88 0 0 44 44 44 44 0 44 44 44 44 0 44 
372:src//json.lua
0 0 0 0 0 0 0 0 0 0 0 0 0 0 0 0 0 0 0 0 0 0 0 0 44 0 0 0 0 0 44 0 44 44 44 44 44 44 44 44 0 0 44 352 308 44 0 0 0 44 0 0 0 44 0 0 0 0 0 0 0 0 0 0 0 0 0 0 0 0 0 0 0 0 0 0 0 0 0 0 0 0 0 0 0 0 0 0 0 0 0 0 0 0 0 44 0 0 0 44 0 0 0 0 0 0 0 44 0 44 44 44 44 44 44 0 0 0 0 0 0 0 0 0 44 0 44 0 44 0 0 0 0 0 44 0 0 176 1188 1012 0 176 44 0 44 44 44 44 0 44 44 44 44 0 0 0 2044 1995 1827 0 0 49 44 0 0 0 0 0 0 0 0 0 0 0 0 44 0 0 0 0 0 0 0 0 0 0 0 0 0 0 44 0 0 0 0 0 0 0 0 0 0 44 0 0 588 588 588 0 7445 7445 0 7445 0 7445 0 0 0 0 0 0 0 0 0 0 0 0 0 0 0 0 7445 588 588 0 0 6857 0 0 0 44 0 0 84 84 84 84 0 0 84 44 0 0 0 0 0 0 0 0 44 0 0 49 49 49 0 49 49 0 49 0 0 0 0 49 49 49 0 49 49 49 49 0 0 0 0 0 0 49 44 0 0 175 175 0 399 399 0 399 0 0 0 0 399 0 0 399 0 399 399 0 0 399 0 399 0 399 0 399 399 399 399 0 0 224 0 0 0 175 44 0 44 44 44 44 44 44 44 44 44 44 44 44 44 44 44 44 44 44 0 0 0 896 896 896 896 0 0 44 0 44 50 1 0 49 49 49 0 0 49 44 0 44 
85:src//utils.lua
44 44 0 44 0 44 0 44 50 94 44 0 44 0 44 0 0 0 0 0 0 0 0 0 0 44 0 44 0 0 0 0 0 44 0 44 0 0 0 0 0 0 44 0 44 7 7 4 0 3 44 0 44 24 23 7 1 16 43 2 42 5 3 0 0 3 42 2 42 34 2 29 8 0 71 15 50 44 44 16 0 84 4 39 2 
60:src/balances.lua
44 44 0 44 44 0 0 44 0 44 0 0 0 0 0 0 0 44 0 44 34 34 0 34 34 0 0 0 34 32 76 0 44 0 0 0 0 0 0 44 0 44 0 44 0 44 0 44 0 44 1 1 2 0 1 1 1 2 0 1 
21:src/constants.lua
43 0 43 43 0 0 86 86 0 0 43 43 43 43 0 43 43 43 43 0 43 
54:src/controllers.lua
43 43 0 43 43 0 0 43 0 43 31 0 31 29 10 3 2 6 20 19 6 5 21 0 25 18 33 4 15 12 0 12 12 12 0 0 0 0 0 0 0 0 0 19 0 24 4 39 4 39 4 20 4 15 
26:src/initialize.lua
43 43 0 43 0 43 56 55 6 0 0 0 49 0 49 7 0 0 42 42 42 42 42 85 0 43 
372:src/json.lua
0 0 0 0 0 0 0 0 0 0 0 0 0 0 0 0 0 0 0 0 0 0 0 0 42 0 0 0 0 0 42 0 42 42 42 42 42 42 42 42 0 0 42 336 294 42 0 0 0 42 0 0 0 42 0 0 224 224 0 0 224 0 0 0 224 0 224 0 49 98 49 0 0 49 49 49 0 0 0 98 49 49 49 49 0 0 574 399 0 0 399 175 175 175 0 42 0 0 588 42 0 0 0 84 0 0 84 42 0 42 42 42 42 42 42 0 0 0 896 896 896 896 0 0 42 0 42 49 42 0 0 0 0 0 42 0 0 168 1134 966 0 168 42 0 42 42 42 42 0 42 42 42 42 0 0 0 0 0 0 0 0 0 42 0 0 0 0 0 0 0 0 0 0 0 0 42 0 0 0 0 0 0 0 0 0 0 0 0 0 0 42 0 0 0 0 0 0 0 0 0 0 42 0 0 0 0 0 0 0 0 0 0 0 0 0 0 0 0 0 0 0 0 0 0 0 0 0 0 0 0 0 0 0 0 0 0 0 0 0 42 0 0 0 0 0 0 0 0 0 42 0 0 0 0 0 0 0 0 42 0 0 0 0 0 0 0 0 0 0 0 0 0 0 0 0 0 0 0 0 0 0 0 0 0 0 0 0 0 42 0 0 0 0 0 0 0 0 0 0 0 0 0 0 0 0 0 0 0 0 0 0 0 0 0 0 0 0 0 0 0 0 0 0 0 0 0 0 0 42 0 42 42 42 42 42 42 42 42 42 42 42 42 42 42 42 42 42 42 0 0 0 0 0 0 0 0 0 42 0 42 0 0 0 0 0 0 0 0 0 42 0 42 
77:src/records.lua
43 43 43 0 43 43 0 0 43 10 10 3 0 0 1 7 7 6 1 7 7 4 3 0 0 3 3 0 0 0 0 3 3 0 0 0 0 35 3 35 6 11 3 8 2 2 2 0 0 0 0 32 0 32 3 8 3 8 0 0 0 0 0 0 0 32 0 32 3 8 35 8 32 3 8 3 8 
85:src/utils.lua
43 43 0 43 0 43 0 43 0 43 43 0 43 0 43 0 0 0 0 0 0 0 0 0 0 43 0 43 0 0 0 0 0 43 0 43 0 0 0 0 0 0 43 0 43 0 0 0 0 0 43 0 43 0 0 0 0 0 41 2 41 2 0 0 0 0 41 2 41 2 0 0 3 0 41 2 38 2 0 3 0 41 2 38 2 
